2025/03/07 13:11:46 monitoring_system.go:298: loaded thresholds

2025/03/07 13:11:46 monitoring_system.go:305: loaded thresholds

2025/03/07 13:11:46 monitoring_system.go:310: Node in Normal state, run exporters:
2025/03/07 13:11:46 monitoring_system.go:59: Successfully ran container node-exporter
2025/03/07 13:11:46 monitoring_system.go:59: Successfully ran container process-exporter
2025/03/07 13:11:46 monitoring_system.go:59: Successfully ran container prom
2025/03/07 13:11:46 monitoring_system.go:59: Successfully ran container cadvisor
2025/03/07 13:11:46 monitoring_system.go:243: Error calculating node CPU usage: failed to fetch metrics: Get "http://localhost:2112/metrics": dial tcp [::1]:2112: connect: connection refused
2025/03/07 13:11:46 monitoring_system.go:250: Error calculating node RAM usage: failed to fetch metrics: Get "http://localhost:2112/metrics": dial tcp [::1]:2112: connect: connection refused
2025/03/07 13:11:46 monitoring_system.go:258: Error calculating process CPU usage: total CPU time is zero
2025/03/07 13:11:46 monitoring_system.go:265: Error calculating process RAM usage: failed to fetch metrics: Get "http://localhost:2112/metrics": dial tcp [::1]:2112: connect: connection refused
2025/03/07 13:12:06 registryLog.go:159: Periodic nearby monitoring
2025/03/07 13:12:16 registryLog.go:127: Nearby map at the end of monitoring: map[]
2025/03/07 13:12:26 registryLog.go:159: Periodic nearby monitoring
2025/03/07 13:12:46 registryLog.go:159: Periodic nearby monitoring
2025/03/07 13:12:46 registryLog.go:127: Nearby map at the end of monitoring: map[]
2025/03/07 13:14:43 utils.go:116: Parsed YAML: {Degraded:{Node:{CPU:70 RAM:70} MonitoringSystem:{CPU:70 RAM:70}} Critical:{Node:{CPU:80 RAM:80} MonitoringSystem:{CPU:80 RAM:80}} Inactive:{Node:{CPU:95 RAM:95} MonitoringSystem:{CPU:95 RAM:95}}}
2025/03/07 13:14:43 monitoring_system.go:298: loaded thresholds

2025/03/07 13:14:43 utils.go:140: Parsed YAML: {Idle:{NodeExporter:pause ProcessExporter:pause OtelCollector: Prometheus:pause CAdvisor:pause} Disabled:{NodeExporter:stop ProcessExporter:stop OtelCollector: Prometheus:stop CAdvisor:stop} PartialPerformance:{NodeExporter:run ProcessExporter:pause OtelCollector: Prometheus:run CAdvisor:pause} FullPerformance:{NodeExporter:run ProcessExporter:run OtelCollector: Prometheus:run CAdvisor:run}}
2025/03/07 13:14:43 monitoring_system.go:305: loaded thresholds

2025/03/07 13:14:43 monitoring_system.go:310: Node in Normal state, run exporters:
2025/03/07 13:14:43 monitoring_system.go:59: Successfully ran container node-exporter
2025/03/07 13:14:44 monitoring_system.go:59: Successfully ran container process-exporter
2025/03/07 13:14:44 monitoring_system.go:59: Successfully ran container prom
2025/03/07 13:14:44 monitoring_system.go:59: Successfully ran container cadvisor
2025/03/07 13:14:44 monitoring_system.go:243: Error calculating node CPU usage: failed to fetch metrics: Get "http://localhost:2112/metrics": dial tcp [::1]:2112: connect: connection refused
2025/03/07 13:14:44 monitoring_system.go:250: Error calculating node RAM usage: failed to fetch metrics: Get "http://localhost:2112/metrics": dial tcp [::1]:2112: connect: connection refused
2025/03/07 13:14:44 monitoring_system.go:258: Error calculating process CPU usage: total CPU time is zero
2025/03/07 13:14:44 monitoring_system.go:265: Error calculating process RAM usage: failed to fetch metrics: Get "http://localhost:2112/metrics": dial tcp [::1]:2112: connect: connection refused
2025/03/07 14:11:43 utils.go:116: Parsed YAML: {Degraded:{Node:{CPU:25 RAM:35} MonitoringSystem:{CPU:10 RAM:10}} Critical:{Node:{CPU:35 RAM:45} MonitoringSystem:{CPU:15 RAM:15}} Inactive:{Node:{CPU:60 RAM:80} MonitoringSystem:{CPU:25 RAM:25}}}
2025/03/07 14:11:43 monitoring_system.go:299: loaded thresholds

2025/03/07 14:11:43 utils.go:140: Parsed YAML: {Idle:{NodeExporter:run ProcessExporter:pause OtelCollector: Prometheus:pause CAdvisor:pause} Disabled:{NodeExporter:run ProcessExporter:stop OtelCollector: Prometheus:stop CAdvisor:stop} PartialPerformance:{NodeExporter:run ProcessExporter:pause OtelCollector: Prometheus:run CAdvisor:pause} FullPerformance:{NodeExporter:run ProcessExporter:run OtelCollector: Prometheus:run CAdvisor:run}}
2025/03/07 14:11:43 monitoring_system.go:306: loaded thresholds

2025/03/07 14:11:43 monitoring_system.go:311: Node in Normal state, run exporters:
2025/03/07 14:11:43 monitoring_system.go:59: Successfully ran container node-exporter
2025/03/07 14:11:43 monitoring_system.go:59: Successfully ran container process-exporter
2025/03/07 14:11:43 monitoring_system.go:59: Successfully ran container prom
2025/03/07 14:11:43 monitoring_system.go:59: Successfully ran container cadvisor
2025/03/07 14:11:43 monitoring_system.go:243: Error calculating node CPU usage: failed to fetch metrics: Get "http://localhost:2112/metrics": dial tcp [::1]:2112: connect: connection refused
2025/03/07 14:11:43 monitoring_system.go:250: Error calculating node RAM usage: failed to fetch metrics: Get "http://localhost:2112/metrics": dial tcp [::1]:2112: connect: connection refused
2025/03/07 14:11:43 monitoring_system.go:258: Error calculating process CPU usage: total CPU time is zero
2025/03/07 14:11:43 monitoring_system.go:265: Error calculating process RAM usage: failed to fetch metrics: Get "http://localhost:2112/metrics": dial tcp [::1]:2112: connect: connection refused
2025/03/07 14:11:43 policy_executor.go:107: Changing State
2025/03/07 14:11:43 policy_executor.go:108: nodeCPUUsage:    0 | nodeRAMUsage:    0
2025/03/07 14:11:43 monitoring_system.go:276: Waiting
2025/03/07 14:11:53 monitoring_system.go:243: Error calculating node CPU usage: failed to fetch metrics: Get "http://localhost:2112/metrics": dial tcp [::1]:2112: connect: connection refused
2025/03/07 14:11:53 monitoring_system.go:250: Error calculating node RAM usage: failed to fetch metrics: Get "http://localhost:2112/metrics": dial tcp [::1]:2112: connect: connection refused
2025/03/07 14:11:53 monitoring_system.go:258: Error calculating process CPU usage: total CPU time is zero
2025/03/07 14:11:53 monitoring_system.go:265: Error calculating process RAM usage: failed to fetch metrics: Get "http://localhost:2112/metrics": dial tcp [::1]:2112: connect: connection refused
2025/03/07 14:11:53 policy_executor.go:107: Changing State
2025/03/07 14:11:53 policy_executor.go:108: nodeCPUUsage:    0 | nodeRAMUsage:    0
2025/03/07 14:11:53 monitoring_system.go:276: Waiting
2025/03/07 14:12:03 registryLog.go:159: Periodic nearby monitoring
2025/03/07 14:12:03 monitoring_system.go:243: Error calculating node CPU usage: failed to fetch metrics: Get "http://localhost:2112/metrics": dial tcp [::1]:2112: connect: connection refused
2025/03/07 14:12:03 monitoring_system.go:250: Error calculating node RAM usage: failed to fetch metrics: Get "http://localhost:2112/metrics": dial tcp [::1]:2112: connect: connection refused
2025/03/07 14:12:04 monitoring_system.go:258: Error calculating process CPU usage: total CPU time is zero
2025/03/07 14:12:04 monitoring_system.go:265: Error calculating process RAM usage: failed to fetch metrics: Get "http://localhost:2112/metrics": dial tcp [::1]:2112: connect: connection refused
2025/03/07 14:12:04 policy_executor.go:107: Changing State
2025/03/07 14:12:04 policy_executor.go:108: nodeCPUUsage:    0 | nodeRAMUsage:    0
2025/03/07 14:12:04 monitoring_system.go:276: Waiting
